2022-06-18 17:42:54,841:INFO:Starting
2022-06-18 17:43:33,360:INFO:Starting
2022-06-18 17:43:33,360:INFO:Opening ceps file
2022-06-18 17:43:33,366:INFO:Getting addresses
2022-06-18 17:43:33,367:INFO:Getting address for cep: 07134-100
2022-06-18 17:43:34,773:INFO:Address: {'bairro': 'Vila São João Batista', 'cep': '07134100', 'cidade': 'Guarulhos', 'logradouro': 'Rua Nossa Senhora Dos Remédios', 'uf': 'SP', 'complemento': None}
2022-06-18 17:43:36,783:INFO:Getting address for cep: 96501-355
2022-06-18 17:43:37,385:INFO:Address: {'bairro': 'Centro', 'cep': '96501355', 'cidade': 'Cachoeira do Sul', 'logradouro': 'Praça Reinaldo Feldmann', 'uf': 'RS', 'complemento': None}
2022-06-18 17:43:39,387:INFO:Getting address for cep: 69912-655
2022-06-18 17:43:39,750:ERROR:Getting CEP NAO ENCONTRADO for cep: 69912-655
2022-06-18 17:43:41,760:INFO:Getting address for cep: 85911-340
2022-06-18 17:43:42,277:INFO:Address: {'bairro': 'Jardim Panorama', 'cep': '85911340', 'cidade': 'Toledo', 'logradouro': 'Estrada Narciso Antônio Casarotto', 'uf': 'PR', 'complemento': None}
2022-06-18 17:43:44,289:INFO:Getting address for cep: 69313-085
2022-06-18 17:43:44,667:INFO:Address: {'bairro': 'Jóquei Clube', 'cep': '69313085', 'cidade': 'Boa Vista', 'logradouro': 'Rua Águas Marinhas', 'uf': 'RR', 'complemento': '(Cj C Servidor)'}
2022-06-18 17:43:46,675:INFO:Getting address for cep: 78042-100
2022-06-18 17:43:47,065:INFO:Address: {'bairro': 'Parque Amperco', 'cep': '78042100', 'cidade': 'Cuiabá', 'logradouro': 'Rua Primavera', 'uf': 'MT', 'complemento': None}
2022-06-18 17:43:49,067:INFO:Getting address for cep: 59035-148
2022-06-18 17:43:49,436:INFO:Address: {'bairro': 'Quintas', 'cep': '59035148', 'cidade': 'Natal', 'logradouro': '2ª Travessa Vilela', 'uf': 'RN', 'complemento': None}
2022-06-18 17:43:51,448:INFO:Getting address for cep: 57302-676
2022-06-18 17:43:51,831:INFO:Address: {'bairro': 'Canafístula', 'cep': '57302676', 'cidade': 'Arapiraca', 'logradouro': 'Avenida Miguel Guimarães Silva', 'uf': 'AL', 'complemento': None}
2022-06-18 17:43:53,843:INFO:Getting address for cep: 60333-640
2022-06-18 17:43:54,223:INFO:Address: {'bairro': 'Barra do Ceará', 'cep': '60333640', 'cidade': 'Fortaleza', 'logradouro': 'Rua Pedro Rodrigues', 'uf': 'CE', 'complemento': None}
2022-06-18 17:43:56,230:INFO:Getting address for cep: 29195-633
2022-06-18 17:43:56,631:INFO:Address: {'bairro': 'Recanto Feliz', 'cep': '29195633', 'cidade': 'Aracruz', 'logradouro': 'Rua José Zamperlini', 'uf': 'ES', 'complemento': None}
2022-06-18 17:43:58,647:INFO:Saving addresses
2022-06-18 17:43:58,648:INFO:Saving address: {'bairro': 'Vila São João Batista', 'cep': '07134100', 'cidade': 'Guarulhos', 'logradouro': 'Rua Nossa Senhora Dos Remédios', 'uf': 'SP', 'complemento': None}
2022-06-18 17:43:58,649:INFO:Saving address: {'bairro': 'Centro', 'cep': '96501355', 'cidade': 'Cachoeira do Sul', 'logradouro': 'Praça Reinaldo Feldmann', 'uf': 'RS', 'complemento': None}
2022-06-18 17:43:58,649:INFO:Saving address: {'bairro': 'Jardim Panorama', 'cep': '85911340', 'cidade': 'Toledo', 'logradouro': 'Estrada Narciso Antônio Casarotto', 'uf': 'PR', 'complemento': None}
2022-06-18 17:43:58,649:INFO:Saving address: {'bairro': 'Jóquei Clube', 'cep': '69313085', 'cidade': 'Boa Vista', 'logradouro': 'Rua Águas Marinhas', 'uf': 'RR', 'complemento': '(Cj C Servidor)'}
2022-06-18 17:43:58,649:INFO:Saving address: {'bairro': 'Parque Amperco', 'cep': '78042100', 'cidade': 'Cuiabá', 'logradouro': 'Rua Primavera', 'uf': 'MT', 'complemento': None}
2022-06-18 17:43:58,649:INFO:Saving address: {'bairro': 'Quintas', 'cep': '59035148', 'cidade': 'Natal', 'logradouro': '2ª Travessa Vilela', 'uf': 'RN', 'complemento': None}
2022-06-18 17:43:58,650:INFO:Saving address: {'bairro': 'Canafístula', 'cep': '57302676', 'cidade': 'Arapiraca', 'logradouro': 'Avenida Miguel Guimarães Silva', 'uf': 'AL', 'complemento': None}
2022-06-18 17:43:58,650:INFO:Saving address: {'bairro': 'Barra do Ceará', 'cep': '60333640', 'cidade': 'Fortaleza', 'logradouro': 'Rua Pedro Rodrigues', 'uf': 'CE', 'complemento': None}
2022-06-18 17:43:58,650:INFO:Saving address: {'bairro': 'Recanto Feliz', 'cep': '29195633', 'cidade': 'Aracruz', 'logradouro': 'Rua José Zamperlini', 'uf': 'ES', 'complemento': None}
2022-06-18 17:43:58,658:INFO:Finished
2022-06-20 09:49:31,601:INFO:Starting
2022-06-20 09:49:31,602:INFO:Opening ceps file
2022-06-20 09:49:31,607:INFO:Getting addresses
2022-06-20 09:49:31,607:INFO:Getting address for cep: 07134-100
2022-06-20 09:49:32,276:INFO:Address: {'bairro': 'Vila São João Batista', 'cep': '07134100', 'cidade': 'Guarulhos', 'logradouro': 'Rua Nossa Senhora Dos Remédios', 'uf': 'SP', 'complemento': None}
2022-06-20 09:49:34,287:INFO:Getting address for cep: 96501-355
2022-06-20 09:49:35,809:INFO:Address: {'bairro': 'Centro', 'cep': '96501355', 'cidade': 'Cachoeira do Sul', 'logradouro': 'Praça Reinaldo Feldmann', 'uf': 'RS', 'complemento': None}
2022-06-20 09:49:37,818:INFO:Getting address for cep: 69912-655
2022-06-20 09:49:38,889:ERROR:Getting CEP NAO ENCONTRADO for cep: 69912-655
2022-06-20 09:49:40,903:INFO:Getting address for cep: 85911-340
2022-06-20 09:49:41,460:INFO:Address: {'bairro': 'Jardim Panorama', 'cep': '85911340', 'cidade': 'Toledo', 'logradouro': 'Estrada Narciso Antônio Casarotto', 'uf': 'PR', 'complemento': None}
2022-06-20 09:49:43,468:INFO:Getting address for cep: 69313-085
2022-06-20 09:49:43,973:INFO:Address: {'bairro': 'Jóquei Clube', 'cep': '69313085', 'cidade': 'Boa Vista', 'logradouro': 'Rua Águas Marinhas', 'uf': 'RR', 'complemento': '(Cj C Servidor)'}
2022-06-20 09:49:45,984:INFO:Getting address for cep: 78042-100
2022-06-20 09:49:46,511:INFO:Address: {'bairro': 'Parque Amperco', 'cep': '78042100', 'cidade': 'Cuiabá', 'logradouro': 'Rua Primavera', 'uf': 'MT', 'complemento': None}
2022-06-20 09:49:48,525:INFO:Getting address for cep: 59035-148
2022-06-20 09:49:49,019:INFO:Address: {'bairro': 'Quintas', 'cep': '59035148', 'cidade': 'Natal', 'logradouro': '2ª Travessa Vilela', 'uf': 'RN', 'complemento': None}
2022-06-20 09:49:51,027:INFO:Getting address for cep: 57302-676
2022-06-20 09:49:51,510:INFO:Address: {'bairro': 'Canafístula', 'cep': '57302676', 'cidade': 'Arapiraca', 'logradouro': 'Avenida Miguel Guimarães Silva', 'uf': 'AL', 'complemento': None}
2022-06-20 09:49:53,521:INFO:Getting address for cep: 60333-640
2022-06-20 09:49:54,043:INFO:Address: {'bairro': 'Barra do Ceará', 'cep': '60333640', 'cidade': 'Fortaleza', 'logradouro': 'Rua Pedro Rodrigues', 'uf': 'CE', 'complemento': None}
2022-06-20 09:49:56,057:INFO:Getting address for cep: 29195-633
2022-06-20 09:49:56,489:INFO:Address: {'bairro': 'Recanto Feliz', 'cep': '29195633', 'cidade': 'Aracruz', 'logradouro': 'Rua José Zamperlini', 'uf': 'ES', 'complemento': None}
2022-06-20 09:49:58,490:INFO:Saving addresses
2022-06-20 09:49:58,491:INFO:Saving address: {'bairro': 'Vila São João Batista', 'cep': '07134100', 'cidade': 'Guarulhos', 'logradouro': 'Rua Nossa Senhora Dos Remédios', 'uf': 'SP', 'complemento': None}
2022-06-20 09:49:58,491:INFO:Saving address: {'bairro': 'Centro', 'cep': '96501355', 'cidade': 'Cachoeira do Sul', 'logradouro': 'Praça Reinaldo Feldmann', 'uf': 'RS', 'complemento': None}
2022-06-20 09:49:58,491:INFO:Saving address: {'bairro': 'Jardim Panorama', 'cep': '85911340', 'cidade': 'Toledo', 'logradouro': 'Estrada Narciso Antônio Casarotto', 'uf': 'PR', 'complemento': None}
2022-06-20 09:49:58,492:INFO:Saving address: {'bairro': 'Jóquei Clube', 'cep': '69313085', 'cidade': 'Boa Vista', 'logradouro': 'Rua Águas Marinhas', 'uf': 'RR', 'complemento': '(Cj C Servidor)'}
2022-06-20 09:49:58,492:INFO:Saving address: {'bairro': 'Parque Amperco', 'cep': '78042100', 'cidade': 'Cuiabá', 'logradouro': 'Rua Primavera', 'uf': 'MT', 'complemento': None}
2022-06-20 09:49:58,492:INFO:Saving address: {'bairro': 'Quintas', 'cep': '59035148', 'cidade': 'Natal', 'logradouro': '2ª Travessa Vilela', 'uf': 'RN', 'complemento': None}
2022-06-20 09:49:58,492:INFO:Saving address: {'bairro': 'Canafístula', 'cep': '57302676', 'cidade': 'Arapiraca', 'logradouro': 'Avenida Miguel Guimarães Silva', 'uf': 'AL', 'complemento': None}
2022-06-20 09:49:58,493:INFO:Saving address: {'bairro': 'Barra do Ceará', 'cep': '60333640', 'cidade': 'Fortaleza', 'logradouro': 'Rua Pedro Rodrigues', 'uf': 'CE', 'complemento': None}
2022-06-20 09:49:58,493:INFO:Saving address: {'bairro': 'Recanto Feliz', 'cep': '29195633', 'cidade': 'Aracruz', 'logradouro': 'Rua José Zamperlini', 'uf': 'ES', 'complemento': None}
2022-06-20 09:49:58,507:INFO:Finished
2022-06-20 10:08:41,080:INFO:Starting
2022-06-20 10:08:41,080:INFO:Opening ceps file
2022-06-20 10:08:41,085:INFO:Getting addresses
2022-06-20 10:08:41,085:INFO:Getting address for cep: 07134-100
2022-06-20 10:08:41,616:INFO:Address: {'bairro': 'Vila São João Batista', 'cep': '07134100', 'cidade': 'Guarulhos', 'logradouro': 'Rua Nossa Senhora Dos Remédios', 'uf': 'SP', 'complemento': None}
2022-06-20 10:08:43,642:INFO:Getting address for cep: 96501-355
2022-06-20 10:08:44,263:INFO:Address: {'bairro': 'Centro', 'cep': '96501355', 'cidade': 'Cachoeira do Sul', 'logradouro': 'Praça Reinaldo Feldmann', 'uf': 'RS', 'complemento': None}
2022-06-20 10:08:46,280:INFO:Getting address for cep: 69912-655
2022-06-20 10:08:46,943:ERROR:Getting CEP NAO ENCONTRADO for cep: 69912-655
2022-06-20 10:08:48,947:INFO:Getting address for cep: 85911-340
2022-06-20 10:08:49,335:INFO:Address: {'bairro': 'Jardim Panorama', 'cep': '85911340', 'cidade': 'Toledo', 'logradouro': 'Estrada Narciso Antônio Casarotto', 'uf': 'PR', 'complemento': None}
2022-06-20 10:08:51,347:INFO:Getting address for cep: 69313-085
2022-06-20 10:08:52,132:INFO:Address: {'bairro': 'Jóquei Clube', 'cep': '69313085', 'cidade': 'Boa Vista', 'logradouro': 'Rua Águas Marinhas', 'uf': 'RR', 'complemento': '(Cj C Servidor)'}
2022-06-20 10:08:54,143:INFO:Getting address for cep: 78042-100
2022-06-20 10:08:54,527:INFO:Address: {'bairro': 'Parque Amperco', 'cep': '78042100', 'cidade': 'Cuiabá', 'logradouro': 'Rua Primavera', 'uf': 'MT', 'complemento': None}
2022-06-20 10:08:56,538:INFO:Getting address for cep: 59035-148
2022-06-20 10:08:57,205:INFO:Address: {'bairro': 'Quintas', 'cep': '59035148', 'cidade': 'Natal', 'logradouro': '2ª Travessa Vilela', 'uf': 'RN', 'complemento': None}
2022-06-20 10:08:59,210:INFO:Getting address for cep: 57302-676
2022-06-20 10:08:59,672:INFO:Address: {'bairro': 'Canafístula', 'cep': '57302676', 'cidade': 'Arapiraca', 'logradouro': 'Avenida Miguel Guimarães Silva', 'uf': 'AL', 'complemento': None}
2022-06-20 10:09:01,680:INFO:Getting address for cep: 60333-640
2022-06-20 10:09:02,084:INFO:Address: {'bairro': 'Barra do Ceará', 'cep': '60333640', 'cidade': 'Fortaleza', 'logradouro': 'Rua Pedro Rodrigues', 'uf': 'CE', 'complemento': None}
2022-06-20 10:09:04,099:INFO:Getting address for cep: 29195-633
2022-06-20 10:09:04,516:INFO:Address: {'bairro': 'Recanto Feliz', 'cep': '29195633', 'cidade': 'Aracruz', 'logradouro': 'Rua José Zamperlini', 'uf': 'ES', 'complemento': None}
2022-06-20 10:09:06,519:INFO:Saving addresses
2022-06-20 10:09:06,520:INFO:Saving address: {'bairro': 'Vila São João Batista', 'cep': '07134100', 'cidade': 'Guarulhos', 'logradouro': 'Rua Nossa Senhora Dos Remédios', 'uf': 'SP', 'complemento': None}
2022-06-20 10:09:06,521:INFO:Saving address: {'bairro': 'Centro', 'cep': '96501355', 'cidade': 'Cachoeira do Sul', 'logradouro': 'Praça Reinaldo Feldmann', 'uf': 'RS', 'complemento': None}
2022-06-20 10:09:06,521:INFO:Saving address: {'bairro': 'Jardim Panorama', 'cep': '85911340', 'cidade': 'Toledo', 'logradouro': 'Estrada Narciso Antônio Casarotto', 'uf': 'PR', 'complemento': None}
2022-06-20 10:09:06,521:INFO:Saving address: {'bairro': 'Jóquei Clube', 'cep': '69313085', 'cidade': 'Boa Vista', 'logradouro': 'Rua Águas Marinhas', 'uf': 'RR', 'complemento': '(Cj C Servidor)'}
2022-06-20 10:09:06,522:INFO:Saving address: {'bairro': 'Parque Amperco', 'cep': '78042100', 'cidade': 'Cuiabá', 'logradouro': 'Rua Primavera', 'uf': 'MT', 'complemento': None}
2022-06-20 10:09:06,522:INFO:Saving address: {'bairro': 'Quintas', 'cep': '59035148', 'cidade': 'Natal', 'logradouro': '2ª Travessa Vilela', 'uf': 'RN', 'complemento': None}
2022-06-20 10:09:06,523:INFO:Saving address: {'bairro': 'Canafístula', 'cep': '57302676', 'cidade': 'Arapiraca', 'logradouro': 'Avenida Miguel Guimarães Silva', 'uf': 'AL', 'complemento': None}
2022-06-20 10:09:06,523:INFO:Saving address: {'bairro': 'Barra do Ceará', 'cep': '60333640', 'cidade': 'Fortaleza', 'logradouro': 'Rua Pedro Rodrigues', 'uf': 'CE', 'complemento': None}
2022-06-20 10:09:06,523:INFO:Saving address: {'bairro': 'Recanto Feliz', 'cep': '29195633', 'cidade': 'Aracruz', 'logradouro': 'Rua José Zamperlini', 'uf': 'ES', 'complemento': None}
2022-06-20 10:09:06,533:INFO:Finished
2022-06-22 20:45:51,212:INFO:Starting
2022-06-22 20:45:51,224:INFO:Opening ceps file
2022-06-22 20:45:51,229:INFO:Getting addresses
2022-06-22 20:45:51,230:INFO:Getting address for cep: 07134-100
2022-06-22 20:45:53,103:INFO:Address: {'bairro': 'Vila São João Batista', 'cep': '07134100', 'cidade': 'Guarulhos', 'logradouro': 'Rua Nossa Senhora Dos Remédios', 'uf': 'SP', 'complemento': None}
2022-06-22 20:45:55,105:INFO:Getting address for cep: 96501-355
2022-06-22 20:45:55,503:INFO:Address: {'bairro': 'Centro', 'cep': '96501355', 'cidade': 'Cachoeira do Sul', 'logradouro': 'Praça Reinaldo Feldmann', 'uf': 'RS', 'complemento': None}
2022-06-22 20:45:57,515:INFO:Getting address for cep: 69912-655
2022-06-22 20:45:57,902:ERROR:Getting CEP NAO ENCONTRADO for cep: 69912-655
2022-06-22 20:45:59,918:INFO:Getting address for cep: 85911-340
2022-06-22 20:46:00,314:INFO:Address: {'bairro': 'Jardim Panorama', 'cep': '85911340', 'cidade': 'Toledo', 'logradouro': 'Estrada Narciso Antônio Casarotto', 'uf': 'PR', 'complemento': None}
2022-06-22 20:46:02,324:INFO:Getting address for cep: 69313-085
2022-06-22 20:46:02,705:INFO:Address: {'bairro': 'Jóquei Clube', 'cep': '69313085', 'cidade': 'Boa Vista', 'logradouro': 'Rua Águas Marinhas', 'uf': 'RR', 'complemento': '(Cj C Servidor)'}
2022-06-22 20:46:04,718:INFO:Getting address for cep: 78042-100
2022-06-22 20:46:05,142:INFO:Address: {'bairro': 'Parque Amperco', 'cep': '78042100', 'cidade': 'Cuiabá', 'logradouro': 'Rua Primavera', 'uf': 'MT', 'complemento': None}
2022-06-22 20:46:07,144:INFO:Getting address for cep: 59035-148
2022-06-22 20:46:07,643:INFO:Address: {'bairro': 'Quintas', 'cep': '59035148', 'cidade': 'Natal', 'logradouro': '2ª Travessa Vilela', 'uf': 'RN', 'complemento': None}
2022-06-22 20:46:09,658:INFO:Getting address for cep: 57302-676
2022-06-22 20:46:10,222:INFO:Address: {'bairro': 'Canafístula', 'cep': '57302676', 'cidade': 'Arapiraca', 'logradouro': 'Avenida Miguel Guimarães Silva', 'uf': 'AL', 'complemento': None}
2022-06-22 20:46:12,231:INFO:Getting address for cep: 60333-640
2022-06-22 20:46:13,968:INFO:Address: {'bairro': 'Barra do Ceará', 'cep': '60333640', 'cidade': 'Fortaleza', 'logradouro': 'Rua Pedro Rodrigues', 'uf': 'CE', 'complemento': None}
2022-06-22 20:46:15,968:INFO:Getting address for cep: 29195-633
2022-06-22 20:46:16,479:INFO:Address: {'bairro': 'Recanto Feliz', 'cep': '29195633', 'cidade': 'Aracruz', 'logradouro': 'Rua José Zamperlini', 'uf': 'ES', 'complemento': None}
2022-06-22 20:46:18,487:INFO:Saving addresses
2022-06-22 20:46:18,488:INFO:Saving address: {'bairro': 'Vila São João Batista', 'cep': '07134100', 'cidade': 'Guarulhos', 'logradouro': 'Rua Nossa Senhora Dos Remédios', 'uf': 'SP', 'complemento': None}
2022-06-22 20:46:18,489:INFO:Saving address: {'bairro': 'Centro', 'cep': '96501355', 'cidade': 'Cachoeira do Sul', 'logradouro': 'Praça Reinaldo Feldmann', 'uf': 'RS', 'complemento': None}
2022-06-22 20:46:18,489:INFO:Saving address: {'bairro': 'Jardim Panorama', 'cep': '85911340', 'cidade': 'Toledo', 'logradouro': 'Estrada Narciso Antônio Casarotto', 'uf': 'PR', 'complemento': None}
2022-06-22 20:46:18,489:INFO:Saving address: {'bairro': 'Jóquei Clube', 'cep': '69313085', 'cidade': 'Boa Vista', 'logradouro': 'Rua Águas Marinhas', 'uf': 'RR', 'complemento': '(Cj C Servidor)'}
2022-06-22 20:46:18,489:INFO:Saving address: {'bairro': 'Parque Amperco', 'cep': '78042100', 'cidade': 'Cuiabá', 'logradouro': 'Rua Primavera', 'uf': 'MT', 'complemento': None}
2022-06-22 20:46:18,490:INFO:Saving address: {'bairro': 'Quintas', 'cep': '59035148', 'cidade': 'Natal', 'logradouro': '2ª Travessa Vilela', 'uf': 'RN', 'complemento': None}
2022-06-22 20:46:18,490:INFO:Saving address: {'bairro': 'Canafístula', 'cep': '57302676', 'cidade': 'Arapiraca', 'logradouro': 'Avenida Miguel Guimarães Silva', 'uf': 'AL', 'complemento': None}
2022-06-22 20:46:18,490:INFO:Saving address: {'bairro': 'Barra do Ceará', 'cep': '60333640', 'cidade': 'Fortaleza', 'logradouro': 'Rua Pedro Rodrigues', 'uf': 'CE', 'complemento': None}
2022-06-22 20:46:18,490:INFO:Saving address: {'bairro': 'Recanto Feliz', 'cep': '29195633', 'cidade': 'Aracruz', 'logradouro': 'Rua José Zamperlini', 'uf': 'ES', 'complemento': None}
2022-06-22 20:46:18,505:INFO:Finished
